0 info it worked if it ends with ok
1 verbose cli [ '/Users/ari/.nvm/versions/node/v4.0.0/bin/node',
1 verbose cli   '/Users/ari/.nvm/versions/node/v4.0.0/bin/npm',
1 verbose cli   'i',
1 verbose cli   'tslint-ionic-rules',
1 verbose cli   '--save-dev' ]
2 info using npm@2.14.2
3 info using node@v4.0.0
4 verbose install initial load of /Users/ari/Documents/Proyectos/lolesports-vods/package.json
5 verbose installManyTop reading scoped package data from /Users/ari/Documents/Proyectos/lolesports-vods/node_modules/abbrev/package.json
6 verbose installManyTop reading scoped package data from /Users/ari/Documents/Proyectos/lolesports-vods/node_modules/abstract-leveldown/package.json
7 verbose installManyTop reading scoped package data from /Users/ari/Documents/Proyectos/lolesports-vods/node_modules/accepts/package.json
8 verbose installManyTop reading scoped package data from /Users/ari/Documents/Proyectos/lolesports-vods/node_modules/acorn/package.json
9 verbose installManyTop reading scoped package data from /Users/ari/Documents/Proyectos/lolesports-vods/node_modules/acorn-dynamic-import/package.json
10 verbose installManyTop reading scoped package data from /Users/ari/Documents/Proyectos/lolesports-vods/node_modules/ajv/package.json
11 verbose installManyTop reading scoped package data from /Users/ari/Documents/Proyectos/lolesports-vods/node_modules/ajv-keywords/package.json
12 verbose installManyTop reading scoped package data from /Users/ari/Documents/Proyectos/lolesports-vods/node_modules/align-text/package.json
13 verbose installManyTop reading scoped package data from /Users/ari/Documents/Proyectos/lolesports-vods/node_modules/amdefine/package.json
14 verbose installManyTop reading scoped package data from /Users/ari/Documents/Proyectos/lolesports-vods/node_modules/ansi-regex/package.json
15 verbose installManyTop reading scoped package data from /Users/ari/Documents/Proyectos/lolesports-vods/node_modules/ansi-styles/package.json
16 verbose installManyTop reading scoped package data from /Users/ari/Documents/Proyectos/lolesports-vods/node_modules/anymatch/package.json
17 verbose installManyTop reading scoped package data from /Users/ari/Documents/Proyectos/lolesports-vods/node_modules/aproba/package.json
18 verbose installManyTop reading scoped package data from /Users/ari/Documents/Proyectos/lolesports-vods/node_modules/are-we-there-yet/package.json
19 verbose installManyTop reading scoped package data from /Users/ari/Documents/Proyectos/lolesports-vods/node_modules/arr-diff/package.json
20 verbose installManyTop reading scoped package data from /Users/ari/Documents/Proyectos/lolesports-vods/node_modules/arr-flatten/package.json
21 verbose installManyTop reading scoped package data from /Users/ari/Documents/Proyectos/lolesports-vods/node_modules/array-find-index/package.json
22 verbose installManyTop reading scoped package data from /Users/ari/Documents/Proyectos/lolesports-vods/node_modules/array-flatten/package.json
23 verbose installManyTop reading scoped package data from /Users/ari/Documents/Proyectos/lolesports-vods/node_modules/array-unique/package.json
24 verbose installManyTop reading scoped package data from /Users/ari/Documents/Proyectos/lolesports-vods/node_modules/arrify/package.json
25 verbose installManyTop reading scoped package data from /Users/ari/Documents/Proyectos/lolesports-vods/node_modules/asn1/package.json
26 verbose installManyTop reading scoped package data from /Users/ari/Documents/Proyectos/lolesports-vods/node_modules/asn1.js/package.json
27 verbose installManyTop reading scoped package data from /Users/ari/Documents/Proyectos/lolesports-vods/node_modules/assert/package.json
28 verbose installManyTop reading scoped package data from /Users/ari/Documents/Proyectos/lolesports-vods/node_modules/assert-plus/package.json
29 verbose installManyTop reading scoped package data from /Users/ari/Documents/Proyectos/lolesports-vods/node_modules/ast-types/package.json
30 verbose installManyTop reading scoped package data from /Users/ari/Documents/Proyectos/lolesports-vods/node_modules/async/package.json
31 verbose installManyTop reading scoped package data from /Users/ari/Documents/Proyectos/lolesports-vods/node_modules/async-each/package.json
32 verbose installManyTop reading scoped package data from /Users/ari/Documents/Proyectos/lolesports-vods/node_modules/async-foreach/package.json
33 verbose installManyTop reading scoped package data from /Users/ari/Documents/Proyectos/lolesports-vods/node_modules/asynckit/package.json
34 verbose installManyTop reading scoped package data from /Users/ari/Documents/Proyectos/lolesports-vods/node_modules/autoprefixer/package.json
35 verbose installManyTop reading scoped package data from /Users/ari/Documents/Proyectos/lolesports-vods/node_modules/aws-sign2/package.json
36 verbose installManyTop reading scoped package data from /Users/ari/Documents/Proyectos/lolesports-vods/node_modules/aws4/package.json
37 verbose installManyTop reading scoped package data from /Users/ari/Documents/Proyectos/lolesports-vods/node_modules/babel-cli/package.json
38 verbose installManyTop reading scoped package data from /Users/ari/Documents/Proyectos/lolesports-vods/node_modules/babel-code-frame/package.json
39 verbose installManyTop reading scoped package data from /Users/ari/Documents/Proyectos/lolesports-vods/node_modules/babel-core/package.json
40 verbose installManyTop reading scoped package data from /Users/ari/Documents/Proyectos/lolesports-vods/node_modules/babel-generator/package.json
41 verbose installManyTop reading scoped package data from /Users/ari/Documents/Proyectos/lolesports-vods/node_modules/babel-helper-evaluate-path/package.json
42 verbose installManyTop reading scoped package data from /Users/ari/Documents/Proyectos/lolesports-vods/node_modules/babel-helper-flip-expressions/package.json
43 verbose installManyTop reading scoped package data from /Users/ari/Documents/Proyectos/lolesports-vods/node_modules/babel-helper-is-nodes-equiv/package.json
44 verbose installManyTop reading scoped package data from /Users/ari/Documents/Proyectos/lolesports-vods/node_modules/babel-helper-is-void-0/package.json
45 verbose installManyTop reading scoped package data from /Users/ari/Documents/Proyectos/lolesports-vods/node_modules/babel-helper-mark-eval-scopes/package.json
46 verbose installManyTop reading scoped package data from /Users/ari/Documents/Proyectos/lolesports-vods/node_modules/babel-helper-remove-or-void/package.json
47 verbose installManyTop reading scoped package data from /Users/ari/Documents/Proyectos/lolesports-vods/node_modules/babel-helper-to-multiple-sequence-expressions/package.json
48 verbose installManyTop reading scoped package data from /Users/ari/Documents/Proyectos/lolesports-vods/node_modules/babel-helpers/package.json
49 verbose installManyTop reading scoped package data from /Users/ari/Documents/Proyectos/lolesports-vods/node_modules/babel-messages/package.json
50 verbose installManyTop reading scoped package data from /Users/ari/Documents/Proyectos/lolesports-vods/node_modules/babel-plugin-minify-builtins/package.json
51 verbose installManyTop reading scoped package data from /Users/ari/Documents/Proyectos/lolesports-vods/node_modules/babel-plugin-minify-constant-folding/package.json
52 verbose installManyTop reading scoped package data from /Users/ari/Documents/Proyectos/lolesports-vods/node_modules/babel-plugin-minify-dead-code-elimination/package.json
53 verbose installManyTop reading scoped package data from /Users/ari/Documents/Proyectos/lolesports-vods/node_modules/babel-plugin-minify-flip-comparisons/package.json
54 verbose installManyTop reading scoped package data from /Users/ari/Documents/Proyectos/lolesports-vods/node_modules/babel-plugin-minify-guarded-expressions/package.json
55 verbose installManyTop reading scoped package data from /Users/ari/Documents/Proyectos/lolesports-vods/node_modules/babel-plugin-minify-infinity/package.json
56 verbose installManyTop reading scoped package data from /Users/ari/Documents/Proyectos/lolesports-vods/node_modules/babel-plugin-minify-mangle-names/package.json
57 verbose installManyTop reading scoped package data from /Users/ari/Documents/Proyectos/lolesports-vods/node_modules/babel-plugin-minify-numeric-literals/package.json
58 verbose installManyTop reading scoped package data from /Users/ari/Documents/Proyectos/lolesports-vods/node_modules/babel-plugin-minify-replace/package.json
59 verbose installManyTop reading scoped package data from /Users/ari/Documents/Proyectos/lolesports-vods/node_modules/babel-plugin-minify-simplify/package.json
60 verbose installManyTop reading scoped package data from /Users/ari/Documents/Proyectos/lolesports-vods/node_modules/babel-plugin-minify-type-constructors/package.json
61 verbose installManyTop reading scoped package data from /Users/ari/Documents/Proyectos/lolesports-vods/node_modules/babel-plugin-transform-inline-consecutive-adds/package.json
62 verbose installManyTop reading scoped package data from /Users/ari/Documents/Proyectos/lolesports-vods/node_modules/babel-plugin-transform-member-expression-literals/package.json
63 verbose installManyTop reading scoped package data from /Users/ari/Documents/Proyectos/lolesports-vods/node_modules/babel-plugin-transform-merge-sibling-variables/package.json
64 verbose installManyTop reading scoped package data from /Users/ari/Documents/Proyectos/lolesports-vods/node_modules/babel-plugin-transform-minify-booleans/package.json
65 verbose installManyTop reading scoped package data from /Users/ari/Documents/Proyectos/lolesports-vods/node_modules/babel-plugin-transform-property-literals/package.json
66 verbose installManyTop reading scoped package data from /Users/ari/Documents/Proyectos/lolesports-vods/node_modules/babel-plugin-transform-regexp-constructors/package.json
67 verbose installManyTop reading scoped package data from /Users/ari/Documents/Proyectos/lolesports-vods/node_modules/babel-plugin-transform-remove-console/package.json
68 verbose installManyTop reading scoped package data from /Users/ari/Documents/Proyectos/lolesports-vods/node_modules/babel-plugin-transform-remove-debugger/package.json
69 verbose installManyTop reading scoped package data from /Users/ari/Documents/Proyectos/lolesports-vods/node_modules/babel-plugin-transform-remove-undefined/package.json
70 verbose installManyTop reading scoped package data from /Users/ari/Documents/Proyectos/lolesports-vods/node_modules/babel-plugin-transform-simplify-comparison-operators/package.json
71 verbose installManyTop reading scoped package data from /Users/ari/Documents/Proyectos/lolesports-vods/node_modules/babel-plugin-transform-undefined-to-void/package.json
72 verbose installManyTop reading scoped package data from /Users/ari/Documents/Proyectos/lolesports-vods/node_modules/babel-polyfill/package.json
73 verbose installManyTop reading scoped package data from /Users/ari/Documents/Proyectos/lolesports-vods/node_modules/babel-preset-babili/package.json
74 verbose installManyTop reading scoped package data from /Users/ari/Documents/Proyectos/lolesports-vods/node_modules/babel-register/package.json
75 verbose installManyTop reading scoped package data from /Users/ari/Documents/Proyectos/lolesports-vods/node_modules/babel-runtime/package.json
76 verbose installManyTop reading scoped package data from /Users/ari/Documents/Proyectos/lolesports-vods/node_modules/babel-template/package.json
77 verbose installManyTop reading scoped package data from /Users/ari/Documents/Proyectos/lolesports-vods/node_modules/babel-traverse/package.json
78 verbose installManyTop reading scoped package data from /Users/ari/Documents/Proyectos/lolesports-vods/node_modules/babel-types/package.json
79 verbose installManyTop reading scoped package data from /Users/ari/Documents/Proyectos/lolesports-vods/node_modules/babili/package.json
80 verbose installManyTop reading scoped package data from /Users/ari/Documents/Proyectos/lolesports-vods/node_modules/babylon/package.json
81 verbose installManyTop reading scoped package data from /Users/ari/Documents/Proyectos/lolesports-vods/node_modules/balanced-match/package.json
82 verbose installManyTop reading scoped package data from /Users/ari/Documents/Proyectos/lolesports-vods/node_modules/base62/package.json
83 verbose installManyTop reading scoped package data from /Users/ari/Documents/Proyectos/lolesports-vods/node_modules/base64-js/package.json
84 verbose installManyTop reading scoped package data from /Users/ari/Documents/Proyectos/lolesports-vods/node_modules/bcrypt-pbkdf/package.json
85 verbose installManyTop reading scoped package data from /Users/ari/Documents/Proyectos/lolesports-vods/node_modules/big.js/package.json
86 verbose installManyTop reading scoped package data from /Users/ari/Documents/Proyectos/lolesports-vods/node_modules/binary-extensions/package.json
87 verbose installManyTop reading scoped package data from /Users/ari/Documents/Proyectos/lolesports-vods/node_modules/bl/package.json
88 verbose installManyTop reading scoped package data from /Users/ari/Documents/Proyectos/lolesports-vods/node_modules/block-stream/package.json
89 verbose installManyTop reading scoped package data from /Users/ari/Documents/Proyectos/lolesports-vods/node_modules/bn.js/package.json
90 verbose installManyTop reading scoped package data from /Users/ari/Documents/Proyectos/lolesports-vods/node_modules/body/package.json
91 verbose installManyTop reading scoped package data from /Users/ari/Documents/Proyectos/lolesports-vods/node_modules/boom/package.json
92 verbose installManyTop reading scoped package data from /Users/ari/Documents/Proyectos/lolesports-vods/node_modules/brace-expansion/package.json
93 verbose installManyTop reading scoped package data from /Users/ari/Documents/Proyectos/lolesports-vods/node_modules/braces/package.json
94 verbose installManyTop reading scoped package data from /Users/ari/Documents/Proyectos/lolesports-vods/node_modules/brorand/package.json
95 verbose installManyTop reading scoped package data from /Users/ari/Documents/Proyectos/lolesports-vods/node_modules/browser-resolve/package.json
96 verbose installManyTop reading scoped package data from /Users/ari/Documents/Proyectos/lolesports-vods/node_modules/browserify-aes/package.json
97 verbose installManyTop reading scoped package data from /Users/ari/Documents/Proyectos/lolesports-vods/node_modules/browserify-cipher/package.json
98 verbose installManyTop reading scoped package data from /Users/ari/Documents/Proyectos/lolesports-vods/node_modules/browserify-des/package.json
99 verbose installManyTop reading scoped package data from /Users/ari/Documents/Proyectos/lolesports-vods/node_modules/browserify-fs/package.json
100 verbose installManyTop reading scoped package data from /Users/ari/Documents/Proyectos/lolesports-vods/node_modules/browserify-rsa/package.json
101 verbose installManyTop reading scoped package data from /Users/ari/Documents/Proyectos/lolesports-vods/node_modules/browserify-sign/package.json
102 verbose installManyTop reading scoped package data from /Users/ari/Documents/Proyectos/lolesports-vods/node_modules/browserify-zlib/package.json
103 verbose installManyTop reading scoped package data from /Users/ari/Documents/Proyectos/lolesports-vods/node_modules/browserslist/package.json
104 verbose installManyTop reading scoped package data from /Users/ari/Documents/Proyectos/lolesports-vods/node_modules/buffer/package.json
105 verbose installManyTop reading scoped package data from /Users/ari/Documents/Proyectos/lolesports-vods/node_modules/buffer-es6/package.json
106 verbose installManyTop reading scoped package data from /Users/ari/Documents/Proyectos/lolesports-vods/node_modules/buffer-xor/package.json
107 verbose installManyTop reading scoped package data from /Users/ari/Documents/Proyectos/lolesports-vods/node_modules/builtin-modules/package.json
108 verbose installManyTop reading scoped package data from /Users/ari/Documents/Proyectos/lolesports-vods/node_modules/builtin-status-codes/package.json
109 verbose installManyTop reading scoped package data from /Users/ari/Documents/Proyectos/lolesports-vods/node_modules/bytes/package.json
110 verbose installManyTop reading scoped package data from /Users/ari/Documents/Proyectos/lolesports-vods/node_modules/camelcase/package.json
111 verbose installManyTop reading scoped package data from /Users/ari/Documents/Proyectos/lolesports-vods/node_modules/camelcase-keys/package.json
112 verbose installManyTop reading scoped package data from /Users/ari/Documents/Proyectos/lolesports-vods/node_modules/caniuse-lite/package.json
113 verbose installManyTop reading scoped package data from /Users/ari/Documents/Proyectos/lolesports-vods/node_modules/caseless/package.json
114 verbose installManyTop reading scoped package data from /Users/ari/Documents/Proyectos/lolesports-vods/node_modules/center-align/package.json
115 verbose installManyTop reading scoped package data from /Users/ari/Documents/Proyectos/lolesports-vods/node_modules/chalk/package.json
116 verbose installManyTop reading scoped package data from /Users/ari/Documents/Proyectos/lolesports-vods/node_modules/chokidar/package.json
117 verbose installManyTop reading scoped package data from /Users/ari/Documents/Proyectos/lolesports-vods/node_modules/cipher-base/package.json
118 verbose installManyTop reading scoped package data from /Users/ari/Documents/Proyectos/lolesports-vods/node_modules/clean-css/package.json
119 verbose installManyTop reading scoped package data from /Users/ari/Documents/Proyectos/lolesports-vods/node_modules/cliui/package.json
120 verbose installManyTop reading scoped package data from /Users/ari/Documents/Proyectos/lolesports-vods/node_modules/clone/package.json
121 verbose installManyTop reading scoped package data from /Users/ari/Documents/Proyectos/lolesports-vods/node_modules/co/package.json
122 verbose installManyTop reading scoped package data from /Users/ari/Documents/Proyectos/lolesports-vods/node_modules/code-point-at/package.json
123 verbose installManyTop reading scoped package data from /Users/ari/Documents/Proyectos/lolesports-vods/node_modules/color-convert/package.json
124 verbose installManyTop reading scoped package data from /Users/ari/Documents/Proyectos/lolesports-vods/node_modules/color-name/package.json
125 verbose installManyTop reading scoped package data from /Users/ari/Documents/Proyectos/lolesports-vods/node_modules/colors/package.json
126 verbose installManyTop reading scoped package data from /Users/ari/Documents/Proyectos/lolesports-vods/node_modules/combined-stream/package.json
127 verbose installManyTop reading scoped package data from /Users/ari/Documents/Proyectos/lolesports-vods/node_modules/commander/package.json
128 verbose installManyTop reading scoped package data from /Users/ari/Documents/Proyectos/lolesports-vods/node_modules/concat-map/package.json
129 verbose installManyTop reading scoped package data from /Users/ari/Documents/Proyectos/lolesports-vods/node_modules/concat-stream/package.json
130 verbose installManyTop reading scoped package data from /Users/ari/Documents/Proyectos/lolesports-vods/node_modules/console-browserify/package.json
131 verbose installManyTop reading scoped package data from /Users/ari/Documents/Proyectos/lolesports-vods/node_modules/console-control-strings/package.json
132 verbose installManyTop reading scoped package data from /Users/ari/Documents/Proyectos/lolesports-vods/node_modules/constants-browserify/package.json
133 verbose installManyTop reading scoped package data from /Users/ari/Documents/Proyectos/lolesports-vods/node_modules/content-disposition/package.json
134 verbose installManyTop reading scoped package data from /Users/ari/Documents/Proyectos/lolesports-vods/node_modules/content-type/package.json
135 verbose installManyTop reading scoped package data from /Users/ari/Documents/Proyectos/lolesports-vods/node_modules/continuable-cache/package.json
136 verbose installManyTop reading scoped package data from /Users/ari/Documents/Proyectos/lolesports-vods/node_modules/convert-source-map/package.json
137 verbose installManyTop reading scoped package data from /Users/ari/Documents/Proyectos/lolesports-vods/node_modules/cookie/package.json
138 verbose installManyTop reading scoped package data from /Users/ari/Documents/Proyectos/lolesports-vods/node_modules/cookie-signature/package.json
139 verbose installManyTop reading scoped package data from /Users/ari/Documents/Proyectos/lolesports-vods/node_modules/core-js/package.json
140 verbose installManyTop reading scoped package data from /Users/ari/Documents/Proyectos/lolesports-vods/node_modules/core-util-is/package.json
141 verbose installManyTop reading scoped package data from /Users/ari/Documents/Proyectos/lolesports-vods/node_modules/create-ecdh/package.json
142 verbose installManyTop reading scoped package data from /Users/ari/Documents/Proyectos/lolesports-vods/node_modules/create-hash/package.json
143 verbose installManyTop reading scoped package data from /Users/ari/Documents/Proyectos/lolesports-vods/node_modules/create-hmac/package.json
144 verbose installManyTop reading scoped package data from /Users/ari/Documents/Proyectos/lolesports-vods/node_modules/cross-spawn/package.json
145 verbose installManyTop reading scoped package data from /Users/ari/Documents/Proyectos/lolesports-vods/node_modules/cryptiles/package.json
146 verbose installManyTop reading scoped package data from /Users/ari/Documents/Proyectos/lolesports-vods/node_modules/crypto-browserify/package.json
147 verbose installManyTop reading scoped package data from /Users/ari/Documents/Proyectos/lolesports-vods/node_modules/currently-unhandled/package.json
148 verbose installManyTop reading scoped package data from /Users/ari/Documents/Proyectos/lolesports-vods/node_modules/d/package.json
149 verbose installManyTop reading scoped package data from /Users/ari/Documents/Proyectos/lolesports-vods/node_modules/dashdash/package.json
150 verbose installManyTop reading scoped package data from /Users/ari/Documents/Proyectos/lolesports-vods/node_modules/date-now/package.json
151 verbose installManyTop reading scoped package data from /Users/ari/Documents/Proyectos/lolesports-vods/node_modules/debug/package.json
152 verbose installManyTop reading scoped package data from /Users/ari/Documents/Proyectos/lolesports-vods/node_modules/decamelize/package.json
153 verbose installManyTop reading scoped package data from /Users/ari/Documents/Proyectos/lolesports-vods/node_modules/deferred-leveldown/package.json
154 verbose installManyTop reading scoped package data from /Users/ari/Documents/Proyectos/lolesports-vods/node_modules/delayed-stream/package.json
155 verbose installManyTop reading scoped package data from /Users/ari/Documents/Proyectos/lolesports-vods/node_modules/delegates/package.json
156 verbose installManyTop reading scoped package data from /Users/ari/Documents/Proyectos/lolesports-vods/node_modules/depd/package.json
157 verbose installManyTop reading scoped package data from /Users/ari/Documents/Proyectos/lolesports-vods/node_modules/des.js/package.json
158 verbose installManyTop reading scoped package data from /Users/ari/Documents/Proyectos/lolesports-vods/node_modules/destroy/package.json
159 verbose installManyTop reading scoped package data from /Users/ari/Documents/Proyectos/lolesports-vods/node_modules/detect-indent/package.json
160 verbose installManyTop reading scoped package data from /Users/ari/Documents/Proyectos/lolesports-vods/node_modules/diff/package.json
161 verbose installManyTop reading scoped package data from /Users/ari/Documents/Proyectos/lolesports-vods/node_modules/diffie-hellman/package.json
162 verbose installManyTop reading scoped package data from /Users/ari/Documents/Proyectos/lolesports-vods/node_modules/doctrine/package.json
163 verbose installManyTop reading scoped package data from /Users/ari/Documents/Proyectos/lolesports-vods/node_modules/domain-browser/package.json
164 verbose installManyTop reading scoped package data from /Users/ari/Documents/Proyectos/lolesports-vods/node_modules/ecc-jsbn/package.json
165 verbose installManyTop reading scoped package data from /Users/ari/Documents/Proyectos/lolesports-vods/node_modules/ee-first/package.json
166 verbose installManyTop reading scoped package data from /Users/ari/Documents/Proyectos/lolesports-vods/node_modules/electron-to-chromium/package.json
167 verbose installManyTop reading scoped package data from /Users/ari/Documents/Proyectos/lolesports-vods/node_modules/elliptic/package.json
168 verbose installManyTop reading scoped package data from /Users/ari/Documents/Proyectos/lolesports-vods/node_modules/emojis-list/package.json
169 verbose installManyTop reading scoped package data from /Users/ari/Documents/Proyectos/lolesports-vods/node_modules/encodeurl/package.json
170 verbose installManyTop reading scoped package data from /Users/ari/Documents/Proyectos/lolesports-vods/node_modules/enhanced-resolve/package.json
171 verbose installManyTop reading scoped package data from /Users/ari/Documents/Proyectos/lolesports-vods/node_modules/errno/package.json
172 verbose installManyTop reading scoped package data from /Users/ari/Documents/Proyectos/lolesports-vods/node_modules/error/package.json
173 verbose installManyTop reading scoped package data from /Users/ari/Documents/Proyectos/lolesports-vods/node_modules/error-ex/package.json
174 verbose installManyTop reading scoped package data from /Users/ari/Documents/Proyectos/lolesports-vods/node_modules/es3ify/package.json
175 verbose installManyTop reading scoped package data from /Users/ari/Documents/Proyectos/lolesports-vods/node_modules/es5-ext/package.json
176 verbose installManyTop reading scoped package data from /Users/ari/Documents/Proyectos/lolesports-vods/node_modules/es6-iterator/package.json
177 verbose installManyTop reading scoped package data from /Users/ari/Documents/Proyectos/lolesports-vods/node_modules/es6-map/package.json
178 verbose installManyTop reading scoped package data from /Users/ari/Documents/Proyectos/lolesports-vods/node_modules/es6-set/package.json
179 verbose installManyTop reading scoped package data from /Users/ari/Documents/Proyectos/lolesports-vods/node_modules/es6-symbol/package.json
180 verbose installManyTop reading scoped package data from /Users/ari/Documents/Proyectos/lolesports-vods/node_modules/es6-weak-map/package.json
181 verbose installManyTop reading scoped package data from /Users/ari/Documents/Proyectos/lolesports-vods/node_modules/escape-html/package.json
182 verbose installManyTop reading scoped package data from /Users/ari/Documents/Proyectos/lolesports-vods/node_modules/escape-string-regexp/package.json
183 verbose installManyTop reading scoped package data from /Users/ari/Documents/Proyectos/lolesports-vods/node_modules/escope/package.json
184 verbose installManyTop reading scoped package data from /Users/ari/Documents/Proyectos/lolesports-vods/node_modules/esmangle-evaluator/package.json
185 verbose installManyTop reading scoped package data from /Users/ari/Documents/Proyectos/lolesports-vods/node_modules/esprima-fb/package.json
186 verbose installManyTop reading scoped package data from /Users/ari/Documents/Proyectos/lolesports-vods/node_modules/esrecurse/package.json
187 verbose installManyTop reading scoped package data from /Users/ari/Documents/Proyectos/lolesports-vods/node_modules/estraverse/package.json
188 verbose installManyTop reading scoped package data from /Users/ari/Documents/Proyectos/lolesports-vods/node_modules/estree-walker/package.json
189 verbose installManyTop reading scoped package data from /Users/ari/Documents/Proyectos/lolesports-vods/node_modules/esutils/package.json
190 verbose installManyTop reading scoped package data from /Users/ari/Documents/Proyectos/lolesports-vods/node_modules/etag/package.json
191 verbose installManyTop reading scoped package data from /Users/ari/Documents/Proyectos/lolesports-vods/node_modules/event-emitter/package.json
192 verbose installManyTop reading scoped package data from /Users/ari/Documents/Proyectos/lolesports-vods/node_modules/events/package.json
193 verbose installManyTop reading scoped package data from /Users/ari/Documents/Proyectos/lolesports-vods/node_modules/evp_bytestokey/package.json
194 verbose installManyTop reading scoped package data from /Users/ari/Documents/Proyectos/lolesports-vods/node_modules/expand-brackets/package.json
195 verbose installManyTop reading scoped package data from /Users/ari/Documents/Proyectos/lolesports-vods/node_modules/expand-range/package.json
196 verbose installManyTop reading scoped package data from /Users/ari/Documents/Proyectos/lolesports-vods/node_modules/express/package.json
197 verbose installManyTop reading scoped package data from /Users/ari/Documents/Proyectos/lolesports-vods/node_modules/extend/package.json
198 verbose installManyTop reading scoped package data from /Users/ari/Documents/Proyectos/lolesports-vods/node_modules/extglob/package.json
199 verbose installManyTop reading scoped package data from /Users/ari/Documents/Proyectos/lolesports-vods/node_modules/extsprintf/package.json
200 verbose installManyTop reading scoped package data from /Users/ari/Documents/Proyectos/lolesports-vods/node_modules/falafel/package.json
201 verbose installManyTop reading scoped package data from /Users/ari/Documents/Proyectos/lolesports-vods/node_modules/fast-deep-equal/package.json
202 verbose installManyTop reading scoped package data from /Users/ari/Documents/Proyectos/lolesports-vods/node_modules/faye-websocket/package.json
203 verbose installManyTop reading scoped package data from /Users/ari/Documents/Proyectos/lolesports-vods/node_modules/filename-regex/package.json
204 verbose installManyTop reading scoped package data from /Users/ari/Documents/Proyectos/lolesports-vods/node_modules/fill-range/package.json
205 verbose installManyTop reading scoped package data from /Users/ari/Documents/Proyectos/lolesports-vods/node_modules/finalhandler/package.json
206 verbose installManyTop reading scoped package data from /Users/ari/Documents/Proyectos/lolesports-vods/node_modules/find-up/package.json
207 verbose installManyTop reading scoped package data from /Users/ari/Documents/Proyectos/lolesports-vods/node_modules/for-in/package.json
208 verbose installManyTop reading scoped package data from /Users/ari/Documents/Proyectos/lolesports-vods/node_modules/for-own/package.json
209 verbose installManyTop reading scoped package data from /Users/ari/Documents/Proyectos/lolesports-vods/node_modules/foreach/package.json
210 verbose installManyTop reading scoped package data from /Users/ari/Documents/Proyectos/lolesports-vods/node_modules/forever-agent/package.json
211 verbose installManyTop reading scoped package data from /Users/ari/Documents/Proyectos/lolesports-vods/node_modules/form-data/package.json
212 verbose installManyTop reading scoped package data from /Users/ari/Documents/Proyectos/lolesports-vods/node_modules/forwarded/package.json
213 verbose installManyTop reading scoped package data from /Users/ari/Documents/Proyectos/lolesports-vods/node_modules/fresh/package.json
214 verbose installManyTop reading scoped package data from /Users/ari/Documents/Proyectos/lolesports-vods/node_modules/fs-extra/package.json
215 verbose installManyTop reading scoped package data from /Users/ari/Documents/Proyectos/lolesports-vods/node_modules/fs-readdir-recursive/package.json
216 verbose installManyTop reading scoped package data from /Users/ari/Documents/Proyectos/lolesports-vods/node_modules/fs.realpath/package.json
217 verbose installManyTop reading scoped package data from /Users/ari/Documents/Proyectos/lolesports-vods/node_modules/fsevents/package.json
218 verbose installManyTop reading scoped package data from /Users/ari/Documents/Proyectos/lolesports-vods/node_modules/fstream/package.json
219 verbose installManyTop reading scoped package data from /Users/ari/Documents/Proyectos/lolesports-vods/node_modules/fwd-stream/package.json
220 verbose installManyTop reading scoped package data from /Users/ari/Documents/Proyectos/lolesports-vods/node_modules/gauge/package.json
221 verbose installManyTop reading scoped package data from /Users/ari/Documents/Proyectos/lolesports-vods/node_modules/gaze/package.json
222 verbose installManyTop reading scoped package data from /Users/ari/Documents/Proyectos/lolesports-vods/node_modules/get-caller-file/package.json
223 verbose installManyTop reading scoped package data from /Users/ari/Documents/Proyectos/lolesports-vods/node_modules/get-stdin/package.json
224 verbose installManyTop reading scoped package data from /Users/ari/Documents/Proyectos/lolesports-vods/node_modules/getpass/package.json
225 verbose installManyTop reading scoped package data from /Users/ari/Documents/Proyectos/lolesports-vods/node_modules/glob/package.json
226 verbose installManyTop reading scoped package data from /Users/ari/Documents/Proyectos/lolesports-vods/node_modules/glob-base/package.json
227 verbose installManyTop reading scoped package data from /Users/ari/Documents/Proyectos/lolesports-vods/node_modules/glob-parent/package.json
228 verbose installManyTop reading scoped package data from /Users/ari/Documents/Proyectos/lolesports-vods/node_modules/globals/package.json
229 verbose installManyTop reading scoped package data from /Users/ari/Documents/Proyectos/lolesports-vods/node_modules/globule/package.json
230 verbose installManyTop reading scoped package data from /Users/ari/Documents/Proyectos/lolesports-vods/node_modules/graceful-fs/package.json
231 verbose installManyTop reading scoped package data from /Users/ari/Documents/Proyectos/lolesports-vods/node_modules/graceful-readlink/package.json
232 verbose installManyTop reading scoped package data from /Users/ari/Documents/Proyectos/lolesports-vods/node_modules/har-schema/package.json
233 verbose installManyTop reading scoped package data from /Users/ari/Documents/Proyectos/lolesports-vods/node_modules/har-validator/package.json
234 verbose installManyTop reading scoped package data from /Users/ari/Documents/Proyectos/lolesports-vods/node_modules/has-ansi/package.json
235 verbose installManyTop reading scoped package data from /Users/ari/Documents/Proyectos/lolesports-vods/node_modules/has-flag/package.json
236 verbose installManyTop reading scoped package data from /Users/ari/Documents/Proyectos/lolesports-vods/node_modules/has-unicode/package.json
237 verbose installManyTop reading scoped package data from /Users/ari/Documents/Proyectos/lolesports-vods/node_modules/hash-base/package.json
238 verbose installManyTop reading scoped package data from /Users/ari/Documents/Proyectos/lolesports-vods/node_modules/hash.js/package.json
239 verbose installManyTop reading scoped package data from /Users/ari/Documents/Proyectos/lolesports-vods/node_modules/hawk/package.json
240 verbose installManyTop reading scoped package data from /Users/ari/Documents/Proyectos/lolesports-vods/node_modules/hmac-drbg/package.json
241 verbose installManyTop reading scoped package data from /Users/ari/Documents/Proyectos/lolesports-vods/node_modules/hoek/package.json
242 verbose installManyTop reading scoped package data from /Users/ari/Documents/Proyectos/lolesports-vods/node_modules/home-or-tmp/package.json
243 verbose installManyTop reading scoped package data from /Users/ari/Documents/Proyectos/lolesports-vods/node_modules/hosted-git-info/package.json
244 verbose installManyTop reading scoped package data from /Users/ari/Documents/Proyectos/lolesports-vods/node_modules/http-errors/package.json
245 verbose installManyTop reading scoped package data from /Users/ari/Documents/Proyectos/lolesports-vods/node_modules/http-signature/package.json
246 verbose installManyTop reading scoped package data from /Users/ari/Documents/Proyectos/lolesports-vods/node_modules/https-browserify/package.json
247 verbose installManyTop reading scoped package data from /Users/ari/Documents/Proyectos/lolesports-vods/node_modules/idb-wrapper/package.json
248 verbose installManyTop reading scoped package data from /Users/ari/Documents/Proyectos/lolesports-vods/node_modules/ieee754/package.json
249 verbose installManyTop reading scoped package data from /Users/ari/Documents/Proyectos/lolesports-vods/node_modules/immediate/package.json
250 verbose installManyTop reading scoped package data from /Users/ari/Documents/Proyectos/lolesports-vods/node_modules/in-publish/package.json
251 verbose installManyTop reading scoped package data from /Users/ari/Documents/Proyectos/lolesports-vods/node_modules/indent-string/package.json
252 verbose installManyTop reading scoped package data from /Users/ari/Documents/Proyectos/lolesports-vods/node_modules/indexof/package.json
253 verbose installManyTop reading scoped package data from /Users/ari/Documents/Proyectos/lolesports-vods/node_modules/inflight/package.json
254 verbose installManyTop reading scoped package data from /Users/ari/Documents/Proyectos/lolesports-vods/node_modules/inherits/package.json
255 verbose installManyTop reading scoped package data from /Users/ari/Documents/Proyectos/lolesports-vods/node_modules/inline-process-browser/package.json
256 verbose installManyTop reading scoped package data from /Users/ari/Documents/Proyectos/lolesports-vods/node_modules/interpret/package.json
257 verbose installManyTop reading scoped package data from /Users/ari/Documents/Proyectos/lolesports-vods/node_modules/invariant/package.json
258 verbose installManyTop reading scoped package data from /Users/ari/Documents/Proyectos/lolesports-vods/node_modules/invert-kv/package.json
259 verbose installManyTop reading scoped package data from /Users/ari/Documents/Proyectos/lolesports-vods/node_modules/ionic-angular/package.json
260 verbose installManyTop reading scoped package data from /Users/ari/Documents/Proyectos/lolesports-vods/node_modules/ionicons/package.json
261 verbose installManyTop reading scoped package data from /Users/ari/Documents/Proyectos/lolesports-vods/node_modules/ipaddr.js/package.json
262 verbose installManyTop reading scoped package data from /Users/ari/Documents/Proyectos/lolesports-vods/node_modules/is/package.json
263 verbose installManyTop reading scoped package data from /Users/ari/Documents/Proyectos/lolesports-vods/node_modules/is-arrayish/package.json
264 verbose installManyTop reading scoped package data from /Users/ari/Documents/Proyectos/lolesports-vods/node_modules/is-binary-path/package.json
265 verbose installManyTop reading scoped package data from /Users/ari/Documents/Proyectos/lolesports-vods/node_modules/is-buffer/package.json
266 verbose installManyTop reading scoped package data from /Users/ari/Documents/Proyectos/lolesports-vods/node_modules/is-builtin-module/package.json
267 verbose installManyTop reading scoped package data from /Users/ari/Documents/Proyectos/lolesports-vods/node_modules/is-dotfile/package.json
268 verbose installManyTop reading scoped package data from /Users/ari/Documents/Proyectos/lolesports-vods/node_modules/is-equal-shallow/package.json
269 verbose installManyTop reading scoped package data from /Users/ari/Documents/Proyectos/lolesports-vods/node_modules/is-extendable/package.json
270 verbose installManyTop reading scoped package data from /Users/ari/Documents/Proyectos/lolesports-vods/node_modules/is-extglob/package.json
271 verbose installManyTop reading scoped package data from /Users/ari/Documents/Proyectos/lolesports-vods/node_modules/is-finite/package.json
272 verbose installManyTop reading scoped package data from /Users/ari/Documents/Proyectos/lolesports-vods/node_modules/is-fullwidth-code-point/package.json
273 verbose installManyTop reading scoped package data from /Users/ari/Documents/Proyectos/lolesports-vods/node_modules/is-glob/package.json
274 verbose installManyTop reading scoped package data from /Users/ari/Documents/Proyectos/lolesports-vods/node_modules/is-module/package.json
275 verbose installManyTop reading scoped package data from /Users/ari/Documents/Proyectos/lolesports-vods/node_modules/is-number/package.json
276 verbose installManyTop reading scoped package data from /Users/ari/Documents/Proyectos/lolesports-vods/node_modules/is-object/package.json
277 verbose installManyTop reading scoped package data from /Users/ari/Documents/Proyectos/lolesports-vods/node_modules/is-posix-bracket/package.json
278 verbose installManyTop reading scoped package data from /Users/ari/Documents/Proyectos/lolesports-vods/node_modules/is-primitive/package.json
279 verbose installManyTop reading scoped package data from /Users/ari/Documents/Proyectos/lolesports-vods/node_modules/is-typedarray/package.json
280 verbose installManyTop reading scoped package data from /Users/ari/Documents/Proyectos/lolesports-vods/node_modules/is-utf8/package.json
281 verbose installManyTop reading scoped package data from /Users/ari/Documents/Proyectos/lolesports-vods/node_modules/isarray/package.json
282 verbose installManyTop reading scoped package data from /Users/ari/Documents/Proyectos/lolesports-vods/node_modules/isbuffer/package.json
283 verbose installManyTop reading scoped package data from /Users/ari/Documents/Proyectos/lolesports-vods/node_modules/isexe/package.json
284 verbose installManyTop reading scoped package data from /Users/ari/Documents/Proyectos/lolesports-vods/node_modules/isobject/package.json
285 verbose installManyTop reading scoped package data from /Users/ari/Documents/Proyectos/lolesports-vods/node_modules/isstream/package.json
286 verbose installManyTop reading scoped package data from /Users/ari/Documents/Proyectos/lolesports-vods/node_modules/js-base64/package.json
287 verbose installManyTop reading scoped package data from /Users/ari/Documents/Proyectos/lolesports-vods/node_modules/js-tokens/package.json
288 verbose installManyTop reading scoped package data from /Users/ari/Documents/Proyectos/lolesports-vods/node_modules/jsbn/package.json
289 verbose installManyTop reading scoped package data from /Users/ari/Documents/Proyectos/lolesports-vods/node_modules/jsesc/package.json
290 verbose installManyTop reading scoped package data from /Users/ari/Documents/Proyectos/lolesports-vods/node_modules/json-loader/package.json
291 verbose installManyTop reading scoped package data from /Users/ari/Documents/Proyectos/lolesports-vods/node_modules/json-schema/package.json
292 verbose installManyTop reading scoped package data from /Users/ari/Documents/Proyectos/lolesports-vods/node_modules/json-schema-traverse/package.json
293 verbose installManyTop reading scoped package data from /Users/ari/Documents/Proyectos/lolesports-vods/node_modules/json-stable-stringify/package.json
294 verbose installManyTop reading scoped package data from /Users/ari/Documents/Proyectos/lolesports-vods/node_modules/json-stringify-safe/package.json
295 verbose installManyTop reading scoped package data from /Users/ari/Documents/Proyectos/lolesports-vods/node_modules/json5/package.json
296 verbose installManyTop reading scoped package data from /Users/ari/Documents/Proyectos/lolesports-vods/node_modules/jsonfile/package.json
297 verbose installManyTop reading scoped package data from /Users/ari/Documents/Proyectos/lolesports-vods/node_modules/jsonify/package.json
298 verbose installManyTop reading scoped package data from /Users/ari/Documents/Proyectos/lolesports-vods/node_modules/jsprim/package.json
299 verbose installManyTop reading scoped package data from /Users/ari/Documents/Proyectos/lolesports-vods/node_modules/jstransform/package.json
300 verbose installManyTop reading scoped package data from /Users/ari/Documents/Proyectos/lolesports-vods/node_modules/kind-of/package.json
301 verbose installManyTop reading scoped package data from /Users/ari/Documents/Proyectos/lolesports-vods/node_modules/lazy-cache/package.json
302 verbose installManyTop reading scoped package data from /Users/ari/Documents/Proyectos/lolesports-vods/node_modules/lcid/package.json
303 verbose installManyTop reading scoped package data from /Users/ari/Documents/Proyectos/lolesports-vods/node_modules/level-blobs/package.json
304 verbose installManyTop reading scoped package data from /Users/ari/Documents/Proyectos/lolesports-vods/node_modules/level-filesystem/package.json
305 verbose installManyTop reading scoped package data from /Users/ari/Documents/Proyectos/lolesports-vods/node_modules/level-fix-range/package.json
306 verbose installManyTop reading scoped package data from /Users/ari/Documents/Proyectos/lolesports-vods/node_modules/level-hooks/package.json
307 verbose installManyTop reading scoped package data from /Users/ari/Documents/Proyectos/lolesports-vods/node_modules/level-js/package.json
308 verbose installManyTop reading scoped package data from /Users/ari/Documents/Proyectos/lolesports-vods/node_modules/level-peek/package.json
309 verbose installManyTop reading scoped package data from /Users/ari/Documents/Proyectos/lolesports-vods/node_modules/level-sublevel/package.json
310 verbose installManyTop reading scoped package data from /Users/ari/Documents/Proyectos/lolesports-vods/node_modules/levelup/package.json
311 verbose installManyTop reading scoped package data from /Users/ari/Documents/Proyectos/lolesports-vods/node_modules/lie/package.json
312 verbose installManyTop reading scoped package data from /Users/ari/Documents/Proyectos/lolesports-vods/node_modules/livereload-js/package.json
313 verbose installManyTop reading scoped package data from /Users/ari/Documents/Proyectos/lolesports-vods/node_modules/load-json-file/package.json
314 verbose installManyTop reading scoped package data from /Users/ari/Documents/Proyectos/lolesports-vods/node_modules/loader-runner/package.json
315 verbose installManyTop reading scoped package data from /Users/ari/Documents/Proyectos/lolesports-vods/node_modules/loader-utils/package.json
316 verbose installManyTop reading scoped package data from /Users/ari/Documents/Proyectos/lolesports-vods/node_modules/localforage/package.json
317 verbose installManyTop reading scoped package data from /Users/ari/Documents/Proyectos/lolesports-vods/node_modules/localforage-cordovasqlitedriver/package.json
318 verbose installManyTop reading scoped package data from /Users/ari/Documents/Proyectos/lolesports-vods/node_modules/lodash/package.json
319 verbose installManyTop reading scoped package data from /Users/ari/Documents/Proyectos/lolesports-vods/node_modules/lodash.assign/package.json
320 verbose installManyTop reading scoped package data from /Users/ari/Documents/Proyectos/lolesports-vods/node_modules/lodash.clonedeep/package.json
321 verbose installManyTop reading scoped package data from /Users/ari/Documents/Proyectos/lolesports-vods/node_modules/lodash.isplainobject/package.json
322 verbose installManyTop reading scoped package data from /Users/ari/Documents/Proyectos/lolesports-vods/node_modules/lodash.mergewith/package.json
323 verbose installManyTop reading scoped package data from /Users/ari/Documents/Proyectos/lolesports-vods/node_modules/lodash.some/package.json
324 verbose installManyTop reading scoped package data from /Users/ari/Documents/Proyectos/lolesports-vods/node_modules/longest/package.json
325 verbose installManyTop reading scoped package data from /Users/ari/Documents/Proyectos/lolesports-vods/node_modules/loose-envify/package.json
326 verbose installManyTop reading scoped package data from /Users/ari/Documents/Proyectos/lolesports-vods/node_modules/loud-rejection/package.json
327 verbose installManyTop reading scoped package data from /Users/ari/Documents/Proyectos/lolesports-vods/node_modules/lru-cache/package.json
328 verbose installManyTop reading scoped package data from /Users/ari/Documents/Proyectos/lolesports-vods/node_modules/ltgt/package.json
329 verbose installManyTop reading scoped package data from /Users/ari/Documents/Proyectos/lolesports-vods/node_modules/macos-release/package.json
330 verbose installManyTop reading scoped package data from /Users/ari/Documents/Proyectos/lolesports-vods/node_modules/magic-string/package.json
331 verbose installManyTop reading scoped package data from /Users/ari/Documents/Proyectos/lolesports-vods/node_modules/map-obj/package.json
332 verbose installManyTop reading scoped package data from /Users/ari/Documents/Proyectos/lolesports-vods/node_modules/media-typer/package.json
333 verbose installManyTop reading scoped package data from /Users/ari/Documents/Proyectos/lolesports-vods/node_modules/memory-fs/package.json
334 verbose installManyTop reading scoped package data from /Users/ari/Documents/Proyectos/lolesports-vods/node_modules/meow/package.json
335 verbose installManyTop reading scoped package data from /Users/ari/Documents/Proyectos/lolesports-vods/node_modules/merge-descriptors/package.json
336 verbose installManyTop reading scoped package data from /Users/ari/Documents/Proyectos/lolesports-vods/node_modules/methods/package.json
337 verbose installManyTop reading scoped package data from /Users/ari/Documents/Proyectos/lolesports-vods/node_modules/micromatch/package.json
338 verbose installManyTop reading scoped package data from /Users/ari/Documents/Proyectos/lolesports-vods/node_modules/miller-rabin/package.json
339 verbose installManyTop reading scoped package data from /Users/ari/Documents/Proyectos/lolesports-vods/node_modules/mime/package.json
340 verbose installManyTop reading scoped package data from /Users/ari/Documents/Proyectos/lolesports-vods/node_modules/mime-db/package.json
341 verbose installManyTop reading scoped package data from /Users/ari/Documents/Proyectos/lolesports-vods/node_modules/mime-types/package.json
342 verbose installManyTop reading scoped package data from /Users/ari/Documents/Proyectos/lolesports-vods/node_modules/minimalistic-assert/package.json
343 verbose installManyTop reading scoped package data from /Users/ari/Documents/Proyectos/lolesports-vods/node_modules/minimalistic-crypto-utils/package.json
344 verbose installManyTop reading scoped package data from /Users/ari/Documents/Proyectos/lolesports-vods/node_modules/minimatch/package.json
345 verbose installManyTop reading scoped package data from /Users/ari/Documents/Proyectos/lolesports-vods/node_modules/minimist/package.json
346 verbose installManyTop reading scoped package data from /Users/ari/Documents/Proyectos/lolesports-vods/node_modules/mkdirp/package.json
347 verbose installManyTop reading scoped package data from /Users/ari/Documents/Proyectos/lolesports-vods/node_modules/ms/package.json
348 verbose installManyTop reading scoped package data from /Users/ari/Documents/Proyectos/lolesports-vods/node_modules/nan/package.json
349 verbose installManyTop reading scoped package data from /Users/ari/Documents/Proyectos/lolesports-vods/node_modules/negotiator/package.json
350 verbose installManyTop reading scoped package data from /Users/ari/Documents/Proyectos/lolesports-vods/node_modules/node-gyp/package.json
351 verbose installManyTop reading scoped package data from /Users/ari/Documents/Proyectos/lolesports-vods/node_modules/node-libs-browser/package.json
352 verbose installManyTop reading scoped package data from /Users/ari/Documents/Proyectos/lolesports-vods/node_modules/node-sass/package.json
353 verbose installManyTop reading scoped package data from /Users/ari/Documents/Proyectos/lolesports-vods/node_modules/nopt/package.json
354 verbose installManyTop reading scoped package data from /Users/ari/Documents/Proyectos/lolesports-vods/node_modules/normalize-package-data/package.json
355 verbose installManyTop reading scoped package data from /Users/ari/Documents/Proyectos/lolesports-vods/node_modules/normalize-path/package.json
356 verbose installManyTop reading scoped package data from /Users/ari/Documents/Proyectos/lolesports-vods/node_modules/normalize-range/package.json
357 verbose installManyTop reading scoped package data from /Users/ari/Documents/Proyectos/lolesports-vods/node_modules/npmlog/package.json
358 verbose installManyTop reading scoped package data from /Users/ari/Documents/Proyectos/lolesports-vods/node_modules/num2fraction/package.json
359 verbose installManyTop reading scoped package data from /Users/ari/Documents/Proyectos/lolesports-vods/node_modules/number-is-nan/package.json
360 verbose installManyTop reading scoped package data from /Users/ari/Documents/Proyectos/lolesports-vods/node_modules/oauth-sign/package.json
361 verbose installManyTop reading scoped package data from /Users/ari/Documents/Proyectos/lolesports-vods/node_modules/object-assign/package.json
362 verbose installManyTop reading scoped package data from /Users/ari/Documents/Proyectos/lolesports-vods/node_modules/object-keys/package.json
363 verbose installManyTop reading scoped package data from /Users/ari/Documents/Proyectos/lolesports-vods/node_modules/object.omit/package.json
364 verbose installManyTop reading scoped package data from /Users/ari/Documents/Proyectos/lolesports-vods/node_modules/octal/package.json
365 verbose installManyTop reading scoped package data from /Users/ari/Documents/Proyectos/lolesports-vods/node_modules/on-finished/package.json
366 verbose installManyTop reading scoped package data from /Users/ari/Documents/Proyectos/lolesports-vods/node_modules/once/package.json
367 verbose installManyTop reading scoped package data from /Users/ari/Documents/Proyectos/lolesports-vods/node_modules/options/package.json
368 verbose installManyTop reading scoped package data from /Users/ari/Documents/Proyectos/lolesports-vods/node_modules/os-browserify/package.json
369 verbose installManyTop reading scoped package data from /Users/ari/Documents/Proyectos/lolesports-vods/node_modules/os-homedir/package.json
370 verbose installManyTop reading scoped package data from /Users/ari/Documents/Proyectos/lolesports-vods/node_modules/os-locale/package.json
371 verbose installManyTop reading scoped package data from /Users/ari/Documents/Proyectos/lolesports-vods/node_modules/os-name/package.json
372 verbose installManyTop reading scoped package data from /Users/ari/Documents/Proyectos/lolesports-vods/node_modules/os-tmpdir/package.json
373 verbose installManyTop reading scoped package data from /Users/ari/Documents/Proyectos/lolesports-vods/node_modules/osenv/package.json
374 verbose installManyTop reading scoped package data from /Users/ari/Documents/Proyectos/lolesports-vods/node_modules/output-file-sync/package.json
375 verbose installManyTop reading scoped package data from /Users/ari/Documents/Proyectos/lolesports-vods/node_modules/pako/package.json
376 verbose installManyTop reading scoped package data from /Users/ari/Documents/Proyectos/lolesports-vods/node_modules/parse-asn1/package.json
377 verbose installManyTop reading scoped package data from /Users/ari/Documents/Proyectos/lolesports-vods/node_modules/parse-glob/package.json
378 verbose installManyTop reading scoped package data from /Users/ari/Documents/Proyectos/lolesports-vods/node_modules/parse-json/package.json
379 verbose installManyTop reading scoped package data from /Users/ari/Documents/Proyectos/lolesports-vods/node_modules/parseurl/package.json
380 verbose installManyTop reading scoped package data from /Users/ari/Documents/Proyectos/lolesports-vods/node_modules/path-browserify/package.json
381 verbose installManyTop reading scoped package data from /Users/ari/Documents/Proyectos/lolesports-vods/node_modules/path-exists/package.json
382 verbose installManyTop reading scoped package data from /Users/ari/Documents/Proyectos/lolesports-vods/node_modules/path-is-absolute/package.json
383 verbose installManyTop reading scoped package data from /Users/ari/Documents/Proyectos/lolesports-vods/node_modules/path-parse/package.json
384 verbose installManyTop reading scoped package data from /Users/ari/Documents/Proyectos/lolesports-vods/node_modules/path-to-regexp/package.json
385 verbose installManyTop reading scoped package data from /Users/ari/Documents/Proyectos/lolesports-vods/node_modules/path-type/package.json
386 verbose installManyTop reading scoped package data from /Users/ari/Documents/Proyectos/lolesports-vods/node_modules/pbkdf2/package.json
387 verbose installManyTop reading scoped package data from /Users/ari/Documents/Proyectos/lolesports-vods/node_modules/performance-now/package.json
388 verbose installManyTop reading scoped package data from /Users/ari/Documents/Proyectos/lolesports-vods/node_modules/pify/package.json
389 verbose installManyTop reading scoped package data from /Users/ari/Documents/Proyectos/lolesports-vods/node_modules/pinkie/package.json
390 verbose installManyTop reading scoped package data from /Users/ari/Documents/Proyectos/lolesports-vods/node_modules/pinkie-promise/package.json
391 verbose installManyTop reading scoped package data from /Users/ari/Documents/Proyectos/lolesports-vods/node_modules/postcss/package.json
392 verbose installManyTop reading scoped package data from /Users/ari/Documents/Proyectos/lolesports-vods/node_modules/postcss-value-parser/package.json
393 verbose installManyTop reading scoped package data from /Users/ari/Documents/Proyectos/lolesports-vods/node_modules/preserve/package.json
394 verbose installManyTop reading scoped package data from /Users/ari/Documents/Proyectos/lolesports-vods/node_modules/private/package.json
395 verbose installManyTop reading scoped package data from /Users/ari/Documents/Proyectos/lolesports-vods/node_modules/process/package.json
396 verbose installManyTop reading scoped package data from /Users/ari/Documents/Proyectos/lolesports-vods/node_modules/process-es6/package.json
397 verbose installManyTop reading scoped package data from /Users/ari/Documents/Proyectos/lolesports-vods/node_modules/process-nextick-args/package.json
398 verbose installManyTop reading scoped package data from /Users/ari/Documents/Proyectos/lolesports-vods/node_modules/proxy-addr/package.json
399 verbose installManyTop reading scoped package data from /Users/ari/Documents/Proyectos/lolesports-vods/node_modules/proxy-middleware/package.json
400 verbose installManyTop reading scoped package data from /Users/ari/Documents/Proyectos/lolesports-vods/node_modules/prr/package.json
401 verbose installManyTop reading scoped package data from /Users/ari/Documents/Proyectos/lolesports-vods/node_modules/pseudomap/package.json
402 verbose installManyTop reading scoped package data from /Users/ari/Documents/Proyectos/lolesports-vods/node_modules/public-encrypt/package.json
403 verbose installManyTop reading scoped package data from /Users/ari/Documents/Proyectos/lolesports-vods/node_modules/punycode/package.json
404 verbose installManyTop reading scoped package data from /Users/ari/Documents/Proyectos/lolesports-vods/node_modules/qs/package.json
405 verbose installManyTop reading scoped package data from /Users/ari/Documents/Proyectos/lolesports-vods/node_modules/querystring/package.json
406 verbose installManyTop reading scoped package data from /Users/ari/Documents/Proyectos/lolesports-vods/node_modules/querystring-es3/package.json
407 verbose installManyTop reading scoped package data from /Users/ari/Documents/Proyectos/lolesports-vods/node_modules/randomatic/package.json
408 verbose installManyTop reading scoped package data from /Users/ari/Documents/Proyectos/lolesports-vods/node_modules/randombytes/package.json
409 verbose installManyTop reading scoped package data from /Users/ari/Documents/Proyectos/lolesports-vods/node_modules/range-parser/package.json
410 verbose installManyTop reading scoped package data from /Users/ari/Documents/Proyectos/lolesports-vods/node_modules/raw-body/package.json
411 verbose installManyTop reading scoped package data from /Users/ari/Documents/Proyectos/lolesports-vods/node_modules/read-pkg/package.json
412 verbose installManyTop reading scoped package data from /Users/ari/Documents/Proyectos/lolesports-vods/node_modules/read-pkg-up/package.json
413 verbose installManyTop reading scoped package data from /Users/ari/Documents/Proyectos/lolesports-vods/node_modules/readable-stream/package.json
414 verbose installManyTop reading scoped package data from /Users/ari/Documents/Proyectos/lolesports-vods/node_modules/readdirp/package.json
415 verbose installManyTop reading scoped package data from /Users/ari/Documents/Proyectos/lolesports-vods/node_modules/recast/package.json
416 verbose installManyTop reading scoped package data from /Users/ari/Documents/Proyectos/lolesports-vods/node_modules/redent/package.json
417 verbose installManyTop reading scoped package data from /Users/ari/Documents/Proyectos/lolesports-vods/node_modules/reflect-metadata/package.json
418 verbose installManyTop reading scoped package data from /Users/ari/Documents/Proyectos/lolesports-vods/node_modules/regenerator-runtime/package.json
419 verbose installManyTop reading scoped package data from /Users/ari/Documents/Proyectos/lolesports-vods/node_modules/regex-cache/package.json
420 verbose installManyTop reading scoped package data from /Users/ari/Documents/Proyectos/lolesports-vods/node_modules/remove-trailing-separator/package.json
421 verbose installManyTop reading scoped package data from /Users/ari/Documents/Proyectos/lolesports-vods/node_modules/repeat-element/package.json
422 verbose installManyTop reading scoped package data from /Users/ari/Documents/Proyectos/lolesports-vods/node_modules/repeat-string/package.json
423 verbose installManyTop reading scoped package data from /Users/ari/Documents/Proyectos/lolesports-vods/node_modules/repeating/package.json
424 verbose installManyTop reading scoped package data from /Users/ari/Documents/Proyectos/lolesports-vods/node_modules/request/package.json
425 verbose installManyTop reading scoped package data from /Users/ari/Documents/Proyectos/lolesports-vods/node_modules/require-directory/package.json
426 verbose installManyTop reading scoped package data from /Users/ari/Documents/Proyectos/lolesports-vods/node_modules/require-main-filename/package.json
427 verbose installManyTop reading scoped package data from /Users/ari/Documents/Proyectos/lolesports-vods/node_modules/resolve/package.json
428 verbose installManyTop reading scoped package data from /Users/ari/Documents/Proyectos/lolesports-vods/node_modules/right-align/package.json
429 verbose installManyTop reading scoped package data from /Users/ari/Documents/Proyectos/lolesports-vods/node_modules/rimraf/package.json
430 verbose installManyTop reading scoped package data from /Users/ari/Documents/Proyectos/lolesports-vods/node_modules/ripemd160/package.json
431 verbose installManyTop reading scoped package data from /Users/ari/Documents/Proyectos/lolesports-vods/node_modules/rollup/package.json
432 verbose installManyTop reading scoped package data from /Users/ari/Documents/Proyectos/lolesports-vods/node_modules/rollup-plugin-commonjs/package.json
433 verbose installManyTop reading scoped package data from /Users/ari/Documents/Proyectos/lolesports-vods/node_modules/rollup-plugin-json/package.json
434 verbose installManyTop reading scoped package data from /Users/ari/Documents/Proyectos/lolesports-vods/node_modules/rollup-plugin-node-builtins/package.json
435 verbose installManyTop reading scoped package data from /Users/ari/Documents/Proyectos/lolesports-vods/node_modules/rollup-plugin-node-globals/package.json
436 verbose installManyTop reading scoped package data from /Users/ari/Documents/Proyectos/lolesports-vods/node_modules/rollup-plugin-node-resolve/package.json
437 verbose installManyTop reading scoped package data from /Users/ari/Documents/Proyectos/lolesports-vods/node_modules/rollup-pluginutils/package.json
438 verbose installManyTop reading scoped package data from /Users/ari/Documents/Proyectos/lolesports-vods/node_modules/rxjs/package.json
439 verbose installManyTop reading scoped package data from /Users/ari/Documents/Proyectos/lolesports-vods/node_modules/safe-buffer/package.json
440 verbose installManyTop reading scoped package data from /Users/ari/Documents/Proyectos/lolesports-vods/node_modules/safe-json-parse/package.json
441 verbose installManyTop reading scoped package data from /Users/ari/Documents/Proyectos/lolesports-vods/node_modules/sass-graph/package.json
442 verbose installManyTop reading scoped package data from /Users/ari/Documents/Proyectos/lolesports-vods/node_modules/sax/package.json
443 verbose installManyTop reading scoped package data from /Users/ari/Documents/Proyectos/lolesports-vods/node_modules/scss-tokenizer/package.json
444 verbose installManyTop reading scoped package data from /Users/ari/Documents/Proyectos/lolesports-vods/node_modules/semver/package.json
445 verbose installManyTop reading scoped package data from /Users/ari/Documents/Proyectos/lolesports-vods/node_modules/send/package.json
446 verbose installManyTop reading scoped package data from /Users/ari/Documents/Proyectos/lolesports-vods/node_modules/serve-static/package.json
447 verbose installManyTop reading scoped package data from /Users/ari/Documents/Proyectos/lolesports-vods/node_modules/serviceworker-cache-polyfill/package.json
448 verbose installManyTop reading scoped package data from /Users/ari/Documents/Proyectos/lolesports-vods/node_modules/set-blocking/package.json
449 verbose installManyTop reading scoped package data from /Users/ari/Documents/Proyectos/lolesports-vods/node_modules/set-immediate-shim/package.json
450 verbose installManyTop reading scoped package data from /Users/ari/Documents/Proyectos/lolesports-vods/node_modules/setimmediate/package.json
451 verbose installManyTop reading scoped package data from /Users/ari/Documents/Proyectos/lolesports-vods/node_modules/setprototypeof/package.json
452 verbose installManyTop reading scoped package data from /Users/ari/Documents/Proyectos/lolesports-vods/node_modules/sha.js/package.json
453 verbose installManyTop reading scoped package data from /Users/ari/Documents/Proyectos/lolesports-vods/node_modules/shebang-command/package.json
454 verbose installManyTop reading scoped package data from /Users/ari/Documents/Proyectos/lolesports-vods/node_modules/shebang-regex/package.json
455 verbose installManyTop reading scoped package data from /Users/ari/Documents/Proyectos/lolesports-vods/node_modules/signal-exit/package.json
456 verbose installManyTop reading scoped package data from /Users/ari/Documents/Proyectos/lolesports-vods/node_modules/slash/package.json
457 verbose installManyTop reading scoped package data from /Users/ari/Documents/Proyectos/lolesports-vods/node_modules/sntp/package.json
458 verbose installManyTop reading scoped package data from /Users/ari/Documents/Proyectos/lolesports-vods/node_modules/source-list-map/package.json
459 verbose installManyTop reading scoped package data from /Users/ari/Documents/Proyectos/lolesports-vods/node_modules/source-map/package.json
460 verbose installManyTop reading scoped package data from /Users/ari/Documents/Proyectos/lolesports-vods/node_modules/source-map-support/package.json
461 verbose installManyTop reading scoped package data from /Users/ari/Documents/Proyectos/lolesports-vods/node_modules/spdx-correct/package.json
462 verbose installManyTop reading scoped package data from /Users/ari/Documents/Proyectos/lolesports-vods/node_modules/spdx-expression-parse/package.json
463 verbose installManyTop reading scoped package data from /Users/ari/Documents/Proyectos/lolesports-vods/node_modules/spdx-license-ids/package.json
464 verbose installManyTop reading scoped package data from /Users/ari/Documents/Proyectos/lolesports-vods/node_modules/sshpk/package.json
465 verbose installManyTop reading scoped package data from /Users/ari/Documents/Proyectos/lolesports-vods/node_modules/statuses/package.json
466 verbose installManyTop reading scoped package data from /Users/ari/Documents/Proyectos/lolesports-vods/node_modules/stdout-stream/package.json
467 verbose installManyTop reading scoped package data from /Users/ari/Documents/Proyectos/lolesports-vods/node_modules/stream-browserify/package.json
468 verbose installManyTop reading scoped package data from /Users/ari/Documents/Proyectos/lolesports-vods/node_modules/stream-http/package.json
469 verbose installManyTop reading scoped package data from /Users/ari/Documents/Proyectos/lolesports-vods/node_modules/string-range/package.json
470 verbose installManyTop reading scoped package data from /Users/ari/Documents/Proyectos/lolesports-vods/node_modules/string-template/package.json
471 verbose installManyTop reading scoped package data from /Users/ari/Documents/Proyectos/lolesports-vods/node_modules/string-width/package.json
472 verbose installManyTop reading scoped package data from /Users/ari/Documents/Proyectos/lolesports-vods/node_modules/string_decoder/package.json
473 verbose installManyTop reading scoped package data from /Users/ari/Documents/Proyectos/lolesports-vods/node_modules/stringstream/package.json
474 verbose installManyTop reading scoped package data from /Users/ari/Documents/Proyectos/lolesports-vods/node_modules/strip-ansi/package.json
475 verbose installManyTop reading scoped package data from /Users/ari/Documents/Proyectos/lolesports-vods/node_modules/strip-bom/package.json
476 verbose installManyTop reading scoped package data from /Users/ari/Documents/Proyectos/lolesports-vods/node_modules/strip-indent/package.json
477 verbose installManyTop reading scoped package data from /Users/ari/Documents/Proyectos/lolesports-vods/node_modules/supports-color/package.json
478 verbose installManyTop reading scoped package data from /Users/ari/Documents/Proyectos/lolesports-vods/node_modules/sw-toolbox/package.json
479 verbose installManyTop reading scoped package data from /Users/ari/Documents/Proyectos/lolesports-vods/node_modules/symbol-observable/package.json
480 verbose installManyTop reading scoped package data from /Users/ari/Documents/Proyectos/lolesports-vods/node_modules/tapable/package.json
481 verbose installManyTop reading scoped package data from /Users/ari/Documents/Proyectos/lolesports-vods/node_modules/tar/package.json
482 verbose installManyTop reading scoped package data from /Users/ari/Documents/Proyectos/lolesports-vods/node_modules/through/package.json
483 verbose installManyTop reading scoped package data from /Users/ari/Documents/Proyectos/lolesports-vods/node_modules/through2/package.json
484 verbose installManyTop reading scoped package data from /Users/ari/Documents/Proyectos/lolesports-vods/node_modules/timers-browserify/package.json
485 verbose installManyTop reading scoped package data from /Users/ari/Documents/Proyectos/lolesports-vods/node_modules/tiny-lr/package.json
486 verbose installManyTop reading scoped package data from /Users/ari/Documents/Proyectos/lolesports-vods/node_modules/to-arraybuffer/package.json
487 verbose installManyTop reading scoped package data from /Users/ari/Documents/Proyectos/lolesports-vods/node_modules/to-fast-properties/package.json
488 verbose installManyTop reading scoped package data from /Users/ari/Documents/Proyectos/lolesports-vods/node_modules/tough-cookie/package.json
489 verbose installManyTop reading scoped package data from /Users/ari/Documents/Proyectos/lolesports-vods/node_modules/trim-newlines/package.json
490 verbose installManyTop reading scoped package data from /Users/ari/Documents/Proyectos/lolesports-vods/node_modules/trim-right/package.json
491 verbose installManyTop reading scoped package data from /Users/ari/Documents/Proyectos/lolesports-vods/node_modules/tsickle/package.json
492 verbose installManyTop reading scoped package data from /Users/ari/Documents/Proyectos/lolesports-vods/node_modules/tslib/package.json
493 verbose installManyTop reading scoped package data from /Users/ari/Documents/Proyectos/lolesports-vods/node_modules/tslint/package.json
494 verbose installManyTop reading scoped package data from /Users/ari/Documents/Proyectos/lolesports-vods/node_modules/tslint-eslint-rules/package.json
495 verbose installManyTop reading scoped package data from /Users/ari/Documents/Proyectos/lolesports-vods/node_modules/tsutils/package.json
496 verbose installManyTop reading scoped package data from /Users/ari/Documents/Proyectos/lolesports-vods/node_modules/tty-browserify/package.json
497 verbose installManyTop reading scoped package data from /Users/ari/Documents/Proyectos/lolesports-vods/node_modules/tunnel-agent/package.json
498 verbose installManyTop reading scoped package data from /Users/ari/Documents/Proyectos/lolesports-vods/node_modules/tweetnacl/package.json
499 verbose installManyTop reading scoped package data from /Users/ari/Documents/Proyectos/lolesports-vods/node_modules/type-is/package.json
500 verbose installManyTop reading scoped package data from /Users/ari/Documents/Proyectos/lolesports-vods/node_modules/typedarray/package.json
501 verbose installManyTop reading scoped package data from /Users/ari/Documents/Proyectos/lolesports-vods/node_modules/typedarray-to-buffer/package.json
502 verbose installManyTop reading scoped package data from /Users/ari/Documents/Proyectos/lolesports-vods/node_modules/typescript/package.json
503 verbose installManyTop reading scoped package data from /Users/ari/Documents/Proyectos/lolesports-vods/node_modules/uglify-js/package.json
504 verbose installManyTop reading scoped package data from /Users/ari/Documents/Proyectos/lolesports-vods/node_modules/uglify-to-browserify/package.json
505 verbose installManyTop reading scoped package data from /Users/ari/Documents/Proyectos/lolesports-vods/node_modules/uglifyjs-webpack-plugin/package.json
506 verbose installManyTop reading scoped package data from /Users/ari/Documents/Proyectos/lolesports-vods/node_modules/ultron/package.json
507 verbose installManyTop reading scoped package data from /Users/ari/Documents/Proyectos/lolesports-vods/node_modules/universalify/package.json
508 verbose installManyTop reading scoped package data from /Users/ari/Documents/Proyectos/lolesports-vods/node_modules/unpipe/package.json
509 verbose installManyTop reading scoped package data from /Users/ari/Documents/Proyectos/lolesports-vods/node_modules/unreachable-branch-transform/package.json
510 verbose installManyTop reading scoped package data from /Users/ari/Documents/Proyectos/lolesports-vods/node_modules/url/package.json
511 verbose installManyTop reading scoped package data from /Users/ari/Documents/Proyectos/lolesports-vods/node_modules/user-home/package.json
512 verbose installManyTop reading scoped package data from /Users/ari/Documents/Proyectos/lolesports-vods/node_modules/util/package.json
513 verbose installManyTop reading scoped package data from /Users/ari/Documents/Proyectos/lolesports-vods/node_modules/util-deprecate/package.json
514 verbose installManyTop reading scoped package data from /Users/ari/Documents/Proyectos/lolesports-vods/node_modules/utils-merge/package.json
515 verbose installManyTop reading scoped package data from /Users/ari/Documents/Proyectos/lolesports-vods/node_modules/uuid/package.json
516 verbose installManyTop reading scoped package data from /Users/ari/Documents/Proyectos/lolesports-vods/node_modules/v8flags/package.json
517 verbose installManyTop reading scoped package data from /Users/ari/Documents/Proyectos/lolesports-vods/node_modules/validate-npm-package-license/package.json
518 verbose installManyTop reading scoped package data from /Users/ari/Documents/Proyectos/lolesports-vods/node_modules/vary/package.json
519 verbose installManyTop reading scoped package data from /Users/ari/Documents/Proyectos/lolesports-vods/node_modules/verror/package.json
520 verbose installManyTop reading scoped package data from /Users/ari/Documents/Proyectos/lolesports-vods/node_modules/vlq/package.json
521 verbose installManyTop reading scoped package data from /Users/ari/Documents/Proyectos/lolesports-vods/node_modules/vm-browserify/package.json
522 verbose installManyTop reading scoped package data from /Users/ari/Documents/Proyectos/lolesports-vods/node_modules/watchpack/package.json
523 verbose installManyTop reading scoped package data from /Users/ari/Documents/Proyectos/lolesports-vods/node_modules/webpack/package.json
524 verbose installManyTop reading scoped package data from /Users/ari/Documents/Proyectos/lolesports-vods/node_modules/webpack-sources/package.json
525 verbose installManyTop reading scoped package data from /Users/ari/Documents/Proyectos/lolesports-vods/node_modules/websocket-driver/package.json
526 verbose installManyTop reading scoped package data from /Users/ari/Documents/Proyectos/lolesports-vods/node_modules/websocket-extensions/package.json
527 verbose installManyTop reading scoped package data from /Users/ari/Documents/Proyectos/lolesports-vods/node_modules/which/package.json
528 verbose installManyTop reading scoped package data from /Users/ari/Documents/Proyectos/lolesports-vods/node_modules/which-module/package.json
529 verbose installManyTop reading scoped package data from /Users/ari/Documents/Proyectos/lolesports-vods/node_modules/wide-align/package.json
530 verbose installManyTop reading scoped package data from /Users/ari/Documents/Proyectos/lolesports-vods/node_modules/win-release/package.json
531 verbose installManyTop reading scoped package data from /Users/ari/Documents/Proyectos/lolesports-vods/node_modules/window-size/package.json
532 verbose installManyTop reading scoped package data from /Users/ari/Documents/Proyectos/lolesports-vods/node_modules/wordwrap/package.json
533 verbose installManyTop reading scoped package data from /Users/ari/Documents/Proyectos/lolesports-vods/node_modules/wrap-ansi/package.json
534 verbose installManyTop reading scoped package data from /Users/ari/Documents/Proyectos/lolesports-vods/node_modules/wrappy/package.json
535 verbose installManyTop reading scoped package data from /Users/ari/Documents/Proyectos/lolesports-vods/node_modules/ws/package.json
536 verbose installManyTop reading scoped package data from /Users/ari/Documents/Proyectos/lolesports-vods/node_modules/xml2js/package.json
537 verbose installManyTop reading scoped package data from /Users/ari/Documents/Proyectos/lolesports-vods/node_modules/xmlbuilder/package.json
538 verbose installManyTop reading scoped package data from /Users/ari/Documents/Proyectos/lolesports-vods/node_modules/xtend/package.json
539 verbose installManyTop reading scoped package data from /Users/ari/Documents/Proyectos/lolesports-vods/node_modules/y18n/package.json
540 verbose installManyTop reading scoped package data from /Users/ari/Documents/Proyectos/lolesports-vods/node_modules/yallist/package.json
541 verbose installManyTop reading scoped package data from /Users/ari/Documents/Proyectos/lolesports-vods/node_modules/yargs/package.json
542 verbose installManyTop reading scoped package data from /Users/ari/Documents/Proyectos/lolesports-vods/node_modules/yargs-parser/package.json
543 verbose installManyTop reading scoped package data from /Users/ari/Documents/Proyectos/lolesports-vods/node_modules/zone.js/package.json
544 verbose installManyTop reading scoped package data from /Users/ari/Documents/Proyectos/lolesports-vods/node_modules/@angular/common/package.json
545 verbose installManyTop reading scoped package data from /Users/ari/Documents/Proyectos/lolesports-vods/node_modules/@angular/compiler/package.json
546 verbose installManyTop reading scoped package data from /Users/ari/Documents/Proyectos/lolesports-vods/node_modules/@angular/compiler-cli/package.json
547 verbose installManyTop reading scoped package data from /Users/ari/Documents/Proyectos/lolesports-vods/node_modules/@angular/core/package.json
548 verbose installManyTop reading scoped package data from /Users/ari/Documents/Proyectos/lolesports-vods/node_modules/@angular/forms/package.json
549 verbose installManyTop reading scoped package data from /Users/ari/Documents/Proyectos/lolesports-vods/node_modules/@angular/http/package.json
550 verbose installManyTop reading scoped package data from /Users/ari/Documents/Proyectos/lolesports-vods/node_modules/@angular/platform-browser/package.json
551 verbose installManyTop reading scoped package data from /Users/ari/Documents/Proyectos/lolesports-vods/node_modules/@angular/platform-browser-dynamic/package.json
552 verbose installManyTop reading scoped package data from /Users/ari/Documents/Proyectos/lolesports-vods/node_modules/@angular/tsc-wrapped/package.json
553 verbose installManyTop reading scoped package data from /Users/ari/Documents/Proyectos/lolesports-vods/node_modules/@ionic/app-scripts/package.json
554 verbose installManyTop reading scoped package data from /Users/ari/Documents/Proyectos/lolesports-vods/node_modules/@ionic/storage/package.json
555 verbose installManyTop reading scoped package data from /Users/ari/Documents/Proyectos/lolesports-vods/node_modules/@ionic-native/core/package.json
556 verbose installManyTop reading scoped package data from /Users/ari/Documents/Proyectos/lolesports-vods/node_modules/@ionic-native/keyboard/package.json
557 verbose installManyTop reading scoped package data from /Users/ari/Documents/Proyectos/lolesports-vods/node_modules/@ionic-native/splash-screen/package.json
558 verbose installManyTop reading scoped package data from /Users/ari/Documents/Proyectos/lolesports-vods/node_modules/@ionic-native/status-bar/package.json
559 verbose installManyTop reading scoped package data from /Users/ari/Documents/Proyectos/lolesports-vods/node_modules/@types/gapi/package.json
560 verbose installManyTop reading scoped package data from /Users/ari/Documents/Proyectos/lolesports-vods/node_modules/@types/gapi.auth2/package.json
561 verbose installManyTop reading scoped package data from /Users/ari/Documents/Proyectos/lolesports-vods/node_modules/@types/localforage/package.json
562 info package.json browser-resolve@1.11.2 No README data
563 info package.json core-js@2.4.1 No README data
564 info package.json estraverse@4.2.0 No README data
565 info package.json jsesc@1.3.0 No README data
566 info package.json output-file-sync@1.1.2 No README data
567 info package.json setimmediate@1.0.5 No README data
568 info package.json @angular/tsc-wrapped@4.1.3 No README data
569 info package.json @ionic/storage@2.0.1 No README data
570 info package.json array-unique@0.2.1 license should be a valid SPDX license expression
571 info package.json assert@1.4.1 assert is also the name of a node core module.
572 info package.json async-foreach@0.1.3 No license field.
573 info package.json base62@0.1.1 No license field.
574 info package.json bcrypt-pbkdf@1.0.1 No repository field.
575 info package.json body@5.1.0 No license field.
576 info package.json browserify-fs@1.0.0 No license field.
577 info package.json buffer@4.9.1 buffer is also the name of a node core module.
578 info package.json bytes@1.0.0 No license field.
579 info package.json console-browserify@1.1.0 No license field.
580 info package.json continuable-cache@0.3.1 No license field.
581 info package.json date-now@0.1.4 No license field.
582 info package.json doctrine@0.7.2 No license field.
583 info package.json error@7.0.2 No license field.
584 info package.json enhanced-resolve@3.3.0 No license field.
585 info package.json esprima-fb@3001.1.0-dev-harmony-fb No license field.
586 info package.json events@1.1.1 events is also the name of a node core module.
587 info package.json esutils@2.0.2 No license field.
588 info package.json extsprintf@1.0.2 No license field.
589 info package.json fwd-stream@1.0.4 No license field.
590 info package.json glob-base@0.3.0 license should be a valid SPDX license expression
591 info package.json indexof@0.0.1 No repository field.
592 info package.json indexof@0.0.1 No license field.
593 info package.json is@0.2.7 No license field.
594 info package.json is-object@0.1.2 No license field.
595 info package.json is-primitive@2.0.0 license should be a valid SPDX license expression
596 info package.json js-base64@2.1.9 license should be a valid SPDX license expression
597 info package.json json-schema@0.2.3 No license field.
598 info package.json jsonify@0.0.0 license should be a valid SPDX license expression
599 info package.json jstransform@3.0.0 No license field.
600 info package.json level-hooks@4.5.0 No license field.
601 info package.json level-blobs@0.1.7 No license field.
602 info package.json level-filesystem@1.2.0 No license field.
603 info package.json localforage-cordovasqlitedriver@1.5.0 No license field.
604 info package.json longest@1.0.1 license should be a valid SPDX license expression
605 info package.json mime@1.3.4 No license field.
606 info package.json options@0.0.6 No license field.
607 info package.json preserve@0.2.0 license should be a valid SPDX license expression
608 info package.json punycode@1.4.1 punycode is also the name of a node core module.
609 info package.json querystring@0.2.0 querystring is also the name of a node core module.
610 info package.json querystring@0.2.0 No license field.
611 info package.json querystring-es3@0.2.1 No license field.
612 info package.json repeat-element@1.1.2 license should be a valid SPDX license expression
613 info package.json safe-json-parse@1.0.1 No license field.
614 info package.json sntp@1.0.9 No license field.
615 info package.json stdout-stream@1.4.0 No license field.
616 info package.json string-template@0.2.1 No license field.
617 info package.json string_decoder@0.10.31 string_decoder is also the name of a node core module.
618 info package.json timers-browserify@2.0.2 No license field.
619 info package.json url@0.11.0 url is also the name of a node core module.
620 info package.json util@0.10.3 util is also the name of a node core module.
621 info package.json utils-merge@1.0.0 No license field.
622 info package.json v8flags@2.1.1 No license field.
623 info package.json verror@1.3.6 No license field.
624 info package.json wordwrap@0.0.2 license should be a valid SPDX license expression
625 info package.json window-size@0.1.0 No license field.
626 verbose readDependencies loading dependencies from /Users/ari/Documents/Proyectos/lolesports-vods/package.json
627 silly cache add args [ 'tslint-ionic-rules', null ]
628 verbose cache add spec tslint-ionic-rules
629 silly cache add parsed spec Result {
629 silly cache add   raw: 'tslint-ionic-rules',
629 silly cache add   scope: null,
629 silly cache add   name: 'tslint-ionic-rules',
629 silly cache add   rawSpec: '',
629 silly cache add   spec: '*',
629 silly cache add   type: 'range' }
630 silly addNamed tslint-ionic-rules@*
631 verbose addNamed "*" is a valid semver range for tslint-ionic-rules
632 silly addNameRange { name: 'tslint-ionic-rules', range: '*', hasData: false }
633 silly mapToRegistry name tslint-ionic-rules
634 silly mapToRegistry using default registry
635 silly mapToRegistry registry https://registry.npmjs.org/
636 silly mapToRegistry uri https://registry.npmjs.org/tslint-ionic-rules
637 verbose addNameRange registry:https://registry.npmjs.org/tslint-ionic-rules not in flight; fetching
638 verbose request uri https://registry.npmjs.org/tslint-ionic-rules
639 verbose request no auth needed
640 info attempt registry request try #1 at 09:04:29
641 verbose request id 0d3e0d0eab4b713e
642 verbose etag W/"594baff4-2df4"
643 verbose lastModified Thu, 22 Jun 2017 11:54:28 GMT
644 http request GET https://registry.npmjs.org/tslint-ionic-rules
645 http 200 https://registry.npmjs.org/tslint-ionic-rules
646 silly get cb [ 200,
646 silly get   { server: 'nginx/1.10.1',
646 silly get     'content-type': 'application/json',
646 silly get     'last-modified': 'Mon, 03 Jul 2017 21:56:53 GMT',
646 silly get     etag: 'W/"595abda5-4104"',
646 silly get     'content-encoding': 'gzip',
646 silly get     'cache-control': 'max-age=300',
646 silly get     'content-length': '2630',
646 silly get     'accept-ranges': 'bytes',
646 silly get     date: 'Sun, 20 Aug 2017 07:04:30 GMT',
646 silly get     via: '1.1 varnish',
646 silly get     age: '0',
646 silly get     connection: 'keep-alive',
646 silly get     'x-served-by': 'cache-mad9426-MAD',
646 silly get     'x-cache': 'MISS',
646 silly get     'x-cache-hits': '0',
646 silly get     'x-timer': 'S1503212670.041223,VS0,VE116',
646 silly get     vary: 'Accept-Encoding, Accept' } ]
647 verbose get saving tslint-ionic-rules to /Users/ari/.npm/registry.npmjs.org/tslint-ionic-rules/.cache.json
648 silly addNameRange number 2 { name: 'tslint-ionic-rules', range: '*', hasData: true }
649 silly addNameRange versions [ 'tslint-ionic-rules',
649 silly addNameRange   [ '0.0.2',
649 silly addNameRange     '0.0.3',
649 silly addNameRange     '0.0.4',
649 silly addNameRange     '0.0.5',
649 silly addNameRange     '0.0.6',
649 silly addNameRange     '0.0.7',
649 silly addNameRange     '0.0.8',
649 silly addNameRange     '0.0.9',
649 silly addNameRange     '0.0.10',
649 silly addNameRange     '0.0.11' ] ]
650 silly addNamed tslint-ionic-rules@0.0.11
651 verbose addNamed "0.0.11" is a plain semver version for tslint-ionic-rules
652 silly mapToRegistry name tslint-ionic-rules
653 silly mapToRegistry using default registry
654 silly mapToRegistry registry https://registry.npmjs.org/
655 silly mapToRegistry uri https://registry.npmjs.org/tslint-ionic-rules
656 verbose addRemoteTarball https://registry.npmjs.org/tslint-ionic-rules/-/tslint-ionic-rules-0.0.11.tgz not in flight; adding
657 verbose addRemoteTarball [ 'https://registry.npmjs.org/tslint-ionic-rules/-/tslint-ionic-rules-0.0.11.tgz',
657 verbose addRemoteTarball   '279327b1991bbc5b9f92430191cb821ca6bfbbc7' ]
658 info retry fetch attempt 1 at 09:04:30
659 info attempt registry request try #1 at 09:04:30
660 http fetch GET https://registry.npmjs.org/tslint-ionic-rules/-/tslint-ionic-rules-0.0.11.tgz
661 http fetch 200 https://registry.npmjs.org/tslint-ionic-rules/-/tslint-ionic-rules-0.0.11.tgz
662 silly fetchAndShaCheck shasum 279327b1991bbc5b9f92430191cb821ca6bfbbc7
663 verbose addTmpTarball /var/folders/q5/vdlxkz4d36j65ls8n19xf57c0000gn/T/npm-60444-cd2d814b/registry.npmjs.org/tslint-ionic-rules/-/tslint-ionic-rules-0.0.11.tgz not in flight; adding
664 verbose addTmpTarball already have metadata; skipping unpack for tslint-ionic-rules@0.0.11
665 silly cache afterAdd tslint-ionic-rules@0.0.11
666 verbose afterAdd /Users/ari/.npm/tslint-ionic-rules/0.0.11/package/package.json not in flight; writing
667 verbose afterAdd /Users/ari/.npm/tslint-ionic-rules/0.0.11/package/package.json written
668 silly install resolved [ { name: 'tslint-ionic-rules',
668 silly install resolved     version: '0.0.11',
668 silly install resolved     description: 'Common TypeScript lint rules/preferences for Ionic.',
668 silly install resolved     main: 'tslint.js',
668 silly install resolved     repository:
668 silly install resolved      { type: 'git',
668 silly install resolved        url: 'git+https://github.com/ionic-team/tslint-ionic-rules.git' },
668 silly install resolved     keywords:
668 silly install resolved      [ 'tslint',
668 silly install resolved        'rules',
668 silly install resolved        'ionic',
668 silly install resolved        'angular',
668 silly install resolved        'typescript',
668 silly install resolved        'lint',
668 silly install resolved        'linting',
668 silly install resolved        'linter',
668 silly install resolved        'tslint-plugin' ],
668 silly install resolved     author: { name: 'Ionic' },
668 silly install resolved     license: 'MIT',
668 silly install resolved     bugs: { url: 'https://github.com/ionic-team/tslint-ionic-rules/issues' },
668 silly install resolved     homepage: 'https://github.com/ionic-team/tslint-ionic-rules#readme',
668 silly install resolved     dependencies: { 'tslint-eslint-rules': '^4.1.1' },
668 silly install resolved     devDependencies: { typescript: '^2.3.4' },
668 silly install resolved     gitHead: '61aed8be84545a8e1300cde5dc116618406f17de',
668 silly install resolved     _id: 'tslint-ionic-rules@0.0.11',
668 silly install resolved     _npmVersion: '5.0.4',
668 silly install resolved     _nodeVersion: '6.9.4',
668 silly install resolved     _npmUser: { name: 'danbucholtz', email: 'dan.bucholtz@gmail.com' },
668 silly install resolved     dist:
668 silly install resolved      { integrity: 'sha512-EP4/Vgv0Zl66T8dqZe6LV3g+aWpGCSBxHKfScbiFh3kQKE3cikGEEYCLu1vR5yhjvm5DveWFUobwEFiwlts0hw==',
668 silly install resolved        shasum: '279327b1991bbc5b9f92430191cb821ca6bfbbc7',
668 silly install resolved        tarball: 'https://registry.npmjs.org/tslint-ionic-rules/-/tslint-ionic-rules-0.0.11.tgz' },
668 silly install resolved     maintainers:
668 silly install resolved      [ [Object],
668 silly install resolved        [Object],
668 silly install resolved        [Object],
668 silly install resolved        [Object],
668 silly install resolved        [Object],
668 silly install resolved        [Object],
668 silly install resolved        [Object] ],
668 silly install resolved     _npmOperationalInternal:
668 silly install resolved      { host: 's3://npm-registry-packages',
668 silly install resolved        tmp: 'tmp/tslint-ionic-rules-0.0.11.tgz_1499119012926_0.47503294609487057' },
668 silly install resolved     directories: {},
668 silly install resolved     _shasum: '279327b1991bbc5b9f92430191cb821ca6bfbbc7',
668 silly install resolved     _resolved: 'https://registry.npmjs.org/tslint-ionic-rules/-/tslint-ionic-rules-0.0.11.tgz',
668 silly install resolved     _from: 'tslint-ionic-rules@*' } ]
669 info install tslint-ionic-rules@0.0.11 into /Users/ari/Documents/Proyectos/lolesports-vods
670 info installOne tslint-ionic-rules@0.0.11
671 verbose installOne of tslint-ionic-rules to /Users/ari/Documents/Proyectos/lolesports-vods not in flight; installing
672 verbose lock using /Users/ari/.npm/_locks/tslint-ionic-rules-fa065f955ab2c9d9.lock for /Users/ari/Documents/Proyectos/lolesports-vods/node_modules/tslint-ionic-rules
673 silly install write writing tslint-ionic-rules 0.0.11 to /Users/ari/Documents/Proyectos/lolesports-vods/node_modules/tslint-ionic-rules
674 verbose unbuild node_modules/tslint-ionic-rules
675 silly gentlyRm /Users/ari/Documents/Proyectos/lolesports-vods/node_modules/tslint-ionic-rules is being purged from base /Users/ari/Documents/Proyectos/lolesports-vods
676 verbose gentlyRm don't care about contents; nuking /Users/ari/Documents/Proyectos/lolesports-vods/node_modules/tslint-ionic-rules
677 verbose tar unpack /Users/ari/.npm/tslint-ionic-rules/0.0.11/package.tgz
678 verbose tar unpacking to /Users/ari/Documents/Proyectos/lolesports-vods/node_modules/tslint-ionic-rules
679 silly gentlyRm /Users/ari/Documents/Proyectos/lolesports-vods/node_modules/tslint-ionic-rules is being purged
680 verbose gentlyRm don't care about contents; nuking /Users/ari/Documents/Proyectos/lolesports-vods/node_modules/tslint-ionic-rules
681 silly gunzTarPerm modes [ '755', '644' ]
682 silly gunzTarPerm extractEntry package.json
683 silly gunzTarPerm extractEntry .npmignore
684 silly gunzTarPerm extractEntry README.md
685 silly gunzTarPerm extractEntry LICENSE
686 silly gunzTarPerm extractEntry tslint.js
687 silly gunzTarPerm extractEntry .editorconfig
688 verbose write writing to /Users/ari/Documents/Proyectos/lolesports-vods/node_modules/tslint-ionic-rules/package.json
689 info preinstall tslint-ionic-rules@0.0.11
690 verbose readDependencies loading dependencies from /Users/ari/Documents/Proyectos/lolesports-vods/node_modules/tslint-ionic-rules/package.json
691 verbose readDependencies loading dependencies from /Users/ari/Documents/Proyectos/lolesports-vods/node_modules/tslint-ionic-rules/package.json
692 silly install resolved []
693 verbose about to build /Users/ari/Documents/Proyectos/lolesports-vods/node_modules/tslint-ionic-rules
694 info build /Users/ari/Documents/Proyectos/lolesports-vods/node_modules/tslint-ionic-rules
695 info linkStuff tslint-ionic-rules@0.0.11
696 silly linkStuff tslint-ionic-rules@0.0.11 has /Users/ari/Documents/Proyectos/lolesports-vods/node_modules as its parent node_modules
697 verbose linkBins tslint-ionic-rules@0.0.11
698 verbose linkMans tslint-ionic-rules@0.0.11
699 verbose rebuildBundles tslint-ionic-rules@0.0.11
700 info install tslint-ionic-rules@0.0.11
701 info postinstall tslint-ionic-rules@0.0.11
702 verbose unlock done using /Users/ari/.npm/_locks/tslint-ionic-rules-fa065f955ab2c9d9.lock for /Users/ari/Documents/Proyectos/lolesports-vods/node_modules/tslint-ionic-rules
703 verbose validateInstall loading /Users/ari/Documents/Proyectos/lolesports-vods/package.json for validation
704 verbose stack Error: The package ajv@4.11.8 does not satisfy its siblings' peerDependencies requirements!
704 verbose stack     at /Users/ari/.nvm/versions/node/v4.0.0/lib/node_modules/npm/lib/install.js:125:32
704 verbose stack     at /Users/ari/.nvm/versions/node/v4.0.0/lib/node_modules/npm/lib/install.js:268:7
704 verbose stack     at /Users/ari/.nvm/versions/node/v4.0.0/lib/node_modules/npm/node_modules/read-installed/read-installed.js:142:5
704 verbose stack     at /Users/ari/.nvm/versions/node/v4.0.0/lib/node_modules/npm/node_modules/read-installed/read-installed.js:263:14
704 verbose stack     at cb (/Users/ari/.nvm/versions/node/v4.0.0/lib/node_modules/npm/node_modules/slide/lib/async-map.js:47:24)
704 verbose stack     at /Users/ari/.nvm/versions/node/v4.0.0/lib/node_modules/npm/node_modules/read-installed/read-installed.js:263:14
704 verbose stack     at cb (/Users/ari/.nvm/versions/node/v4.0.0/lib/node_modules/npm/node_modules/slide/lib/async-map.js:47:24)
704 verbose stack     at /Users/ari/.nvm/versions/node/v4.0.0/lib/node_modules/npm/node_modules/read-installed/read-installed.js:263:14
704 verbose stack     at cb (/Users/ari/.nvm/versions/node/v4.0.0/lib/node_modules/npm/node_modules/slide/lib/async-map.js:47:24)
704 verbose stack     at /Users/ari/.nvm/versions/node/v4.0.0/lib/node_modules/npm/node_modules/read-installed/read-installed.js:263:14
705 verbose cwd /Users/ari/Documents/Proyectos/lolesports-vods
706 error Darwin 16.7.0
707 error argv "/Users/ari/.nvm/versions/node/v4.0.0/bin/node" "/Users/ari/.nvm/versions/node/v4.0.0/bin/npm" "i" "tslint-ionic-rules" "--save-dev"
708 error node v4.0.0
709 error npm  v2.14.2
710 error code EPEERINVALID
711 error peerinvalid The package ajv@4.11.8 does not satisfy its siblings' peerDependencies requirements!
711 error peerinvalid Peer ajv-keywords@2.1.0 wants ajv@>=5.0.0
712 verbose exit [ 1, true ]
